<?xml version="1.0" encoding="UTF-8"?>
<!-- Generated by org.testng.reporters.JUnitReportReporter -->
<testsuite hostname="DESKTOP-FP6Q29E" failures="0" tests="1" name="com.yorbit.tests.NewTest" time="15.305" errors="0" timestamp="2020-05-06T19:34:45 MDT" skipped="0">
  <testcase classname="com.yorbit.tests.NewTest" name="f" time="15.305"/>
  <system-out>
driver created  </system-out>
</testsuite> <!-- com.yorbit.tests.NewTest -->
